<?xml version="1.0" encoding="UTF-8"?>
<testng-results skipped="0" failed="0" total="1" passed="1">
  <reporter-output>
  </reporter-output>
  <suite name="Default suite" duration-ms="30191" started-at="2018-12-08T10:34:39Z" finished-at="2018-12-08T10:35:09Z">
    <groups>
    </groups>
    <test name="Default test" duration-ms="30191" started-at="2018-12-08T10:34:39Z" finished-at="2018-12-08T10:35:09Z">
      <class name="Generic_Component.Pract">
        <test-method status="PASS" signature="Prcdemo()[pri:0, instance:Generic_Component.Pract@55f3ddb1]" name="Prcdemo" duration-ms="30168" started-at="2018-12-08T16:04:39Z" finished-at="2018-12-08T16:05:09Z">
          <reporter-output>
          </reporter-output>
        </test-method> <!-- Prcdemo -->
      </class> <!-- Generic_Component.Pract -->
    </test> <!-- Default test -->
  </suite> <!-- Default suite -->
</testng-results>
