<?xml version="1.0" encoding="UTF-8"?>
<!-- Generated by org.testng.reporters.JUnitXMLReporter -->
<testsuite hostname="nitish" name="Default test" tests="7" failures="0" timestamp="6 Dec 2018 16:17:43 GMT" time="51.339" errors="0">
  <testcase name="open_AccountType" time="8.576" classname="Scenario_component.TC_003AccountType"/>
  <testcase name="clickOnCreatebutton" time="0.548" classname="Scenario_component.TC_003AccountType"/>
  <testcase name="code_AccountType" time="1.218" classname="Scenario_component.TC_003AccountType"/>
  <testcase name="Name_AccountType" time="0.236" classname="Scenario_component.TC_003AccountType"/>
  <testcase name="ClickSave" time="0.314" classname="Scenario_component.TC_003AccountType"/>
  <testcase name="Edit_Group" time="3.027" classname="Scenario_component.TC_003AccountType"/>
  <testcase name="Delete_Group" time="2.052" classname="Scenario_component.TC_003AccountType"/>
</testsuite> <!-- Default test -->
