<?xml version="1.0" encoding="UTF-8"?>
<!-- Generated by org.testng.reporters.JUnitXMLReporter -->
<testsuite hostname="nitish" name="Default test" tests="5" failures="0" timestamp="8 Dec 2018 19:10:29 GMT" time="52.751" errors="0">
  <testcase name="open_AccountType" time="1.15" classname="Scenario_component.TC_003AccountType"/>
  <testcase name="CreateGroupRecord" time="8.268" classname="Scenario_component.TC_003AccountType"/>
  <testcase name="EditGroupRecord" time="2.481" classname="Scenario_component.TC_003AccountType"/>
  <testcase name="DeleteGroupRecord" time="1.886" classname="Scenario_component.TC_003AccountType"/>
  <testcase name="CopyFromMaster" time="9.019" classname="Scenario_component.TC_003AccountType"/>
</testsuite> <!-- Default test -->
